<?xml version="1.0" encoding="UTF-8"?>
<testng-results ignored="0" total="4" passed="3" failed="1" skipped="0">
  <reporter-output>
  </reporter-output>
  <suite started-at="2023-02-11T13:14:37 IST" name="Default suite" finished-at="2023-02-11T13:14:37 IST" duration-ms="80">
    <groups>
    </groups>
    <test started-at="2023-02-11T13:14:37 IST" name="Default test" finished-at="2023-02-11T13:14:37 IST" duration-ms="80">
      <class name="TestNGtest.testingclassNG">
        <test-method is-config="true" signature="beforeClass()[pri:0, instance:TestNGtest.testingclassNG@741a8937]" started-at="2023-02-11T13:14:37 IST" name="beforeClass" finished-at="2023-02-11T13:14:37 IST" duration-ms="7" status="PASS">
          <reporter-output>
          </reporter-output>
        </test-method> <!-- beforeClass -->
        <test-method is-config="true" signature="beforeMethod()[pri:0, instance:TestNGtest.testingclassNG@741a8937]" started-at="2023-02-11T13:14:37 IST" name="beforeMethod" finished-at="2023-02-11T13:14:37 IST" duration-ms="1" status="PASS">
          <reporter-output>
          </reporter-output>
        </test-method> <!-- beforeMethod -->
        <test-method signature="test1()[pri:0, instance:TestNGtest.testingclassNG@741a8937]" started-at="2023-02-11T13:14:37 IST" name="test1" finished-at="2023-02-11T13:14:37 IST" duration-ms="10" status="FAIL">
          <exception class="java.lang.AssertionError">
            <message>
              <![CDATA[The following asserts failed:
Homepage is not found expected [https://www.facebook.com/home] but found [https://www.facebook.com/],
Home Title is wrong expected [Facebook - log in or sing up/home] but found [Facebook - log in or sing up ],
Cancel button is wrong expected [cancel123] but found [cancel]]]>
            </message>
            <full-stacktrace>
              <![CDATA[java.lang.AssertionError: The following asserts failed:
Homepage is not found expected [https://www.facebook.com/home] but found [https://www.facebook.com/],
Home Title is wrong expected [Facebook - log in or sing up/home] but found [Facebook - log in or sing up ],
Cancel button is wrong expected [cancel123] but found [cancel]
at org.testng.asserts.SoftAssert.assertAll(SoftAssert.java:47)
at org.testng.asserts.SoftAssert.assertAll(SoftAssert.java:31)
at TestNGtest.testingclassNG.test1(testingclassNG.java:35)
at java.base/jdk.internal.reflect.NativeMethodAccessorImpl.invoke0(Native Method)
at java.base/jdk.internal.reflect.NativeMethodAccessorImpl.invoke(NativeMethodAccessorImpl.java:77)
at java.base/jdk.internal.reflect.DelegatingMethodAccessorImpl.invoke(DelegatingMethodAccessorImpl.java:43)
at java.base/java.lang.reflect.Method.invoke(Method.java:568)
at org.testng.internal.MethodInvocationHelper.invokeMethod(MethodInvocationHelper.java:133)
at org.testng.internal.TestInvoker.invokeMethod(TestInvoker.java:598)
at org.testng.internal.TestInvoker.invokeTestMethod(TestInvoker.java:173)
at org.testng.internal.MethodRunner.runInSequence(MethodRunner.java:46)
at org.testng.internal.TestInvoker$MethodInvocationAgent.invoke(TestInvoker.java:824)
at org.testng.internal.TestInvoker.invokeTestMethods(TestInvoker.java:146)
at org.testng.internal.TestMethodWorker.invokeTestMethods(TestMethodWorker.java:146)
at org.testng.internal.TestMethodWorker.run(TestMethodWorker.java:128)
at java.base/java.util.ArrayList.forEach(ArrayList.java:1511)
at org.testng.TestRunner.privateRun(TestRunner.java:794)
at org.testng.TestRunner.run(TestRunner.java:596)
at org.testng.SuiteRunner.runTest(SuiteRunner.java:377)
at org.testng.SuiteRunner.runSequentially(SuiteRunner.java:371)
at org.testng.SuiteRunner.privateRun(SuiteRunner.java:332)
at org.testng.SuiteRunner.run(SuiteRunner.java:276)
at org.testng.SuiteRunnerWorker.runSuite(SuiteRunnerWorker.java:53)
at org.testng.SuiteRunnerWorker.run(SuiteRunnerWorker.java:96)
at org.testng.TestNG.runSuitesSequentially(TestNG.java:1212)
at org.testng.TestNG.runSuitesLocally(TestNG.java:1134)
at org.testng.TestNG.runSuites(TestNG.java:1063)
at org.testng.TestNG.run(TestNG.java:1031)
at org.testng.remote.AbstractRemoteTestNG.run(AbstractRemoteTestNG.java:115)
at org.testng.remote.RemoteTestNG.initAndRun(RemoteTestNG.java:251)
at org.testng.remote.RemoteTestNG.main(RemoteTestNG.java:77)
]]>
            </full-stacktrace>
          </exception> <!-- java.lang.AssertionError -->
          <reporter-output>
          </reporter-output>
        </test-method> <!-- test1 -->
        <test-method is-config="true" signature="afterMethod()[pri:0, instance:TestNGtest.testingclassNG@741a8937]" started-at="2023-02-11T13:14:37 IST" name="afterMethod" finished-at="2023-02-11T13:14:37 IST" duration-ms="3" status="PASS">
          <reporter-output>
          </reporter-output>
        </test-method> <!-- afterMethod -->
        <test-method is-config="true" signature="beforeMethod()[pri:0, instance:TestNGtest.testingclassNG@741a8937]" started-at="2023-02-11T13:14:37 IST" name="beforeMethod" finished-at="2023-02-11T13:14:37 IST" duration-ms="1" status="PASS">
          <reporter-output>
          </reporter-output>
        </test-method> <!-- beforeMethod -->
        <test-method signature="test3()[pri:0, instance:TestNGtest.testingclassNG@741a8937]" started-at="2023-02-11T13:14:37 IST" name="test3" finished-at="2023-02-11T13:14:37 IST" duration-ms="2" status="PASS">
          <reporter-output>
          </reporter-output>
        </test-method> <!-- test3 -->
        <test-method is-config="true" signature="afterMethod()[pri:0, instance:TestNGtest.testingclassNG@741a8937]" started-at="2023-02-11T13:14:37 IST" name="afterMethod" finished-at="2023-02-11T13:14:37 IST" duration-ms="0" status="PASS">
          <reporter-output>
          </reporter-output>
        </test-method> <!-- afterMethod -->
        <test-method is-config="true" signature="beforeMethod()[pri:0, instance:TestNGtest.testingclassNG@741a8937]" started-at="2023-02-11T13:14:37 IST" name="beforeMethod" finished-at="2023-02-11T13:14:37 IST" duration-ms="1" status="PASS">
          <reporter-output>
          </reporter-output>
        </test-method> <!-- beforeMethod -->
        <test-method signature="test4()[pri:0, instance:TestNGtest.testingclassNG@741a8937]" started-at="2023-02-11T13:14:37 IST" name="test4" finished-at="2023-02-11T13:14:37 IST" duration-ms="1" status="PASS">
          <reporter-output>
          </reporter-output>
        </test-method> <!-- test4 -->
        <test-method is-config="true" signature="afterMethod()[pri:0, instance:TestNGtest.testingclassNG@741a8937]" started-at="2023-02-11T13:14:37 IST" name="afterMethod" finished-at="2023-02-11T13:14:37 IST" duration-ms="1" status="PASS">
          <reporter-output>
          </reporter-output>
        </test-method> <!-- afterMethod -->
        <test-method is-config="true" signature="beforeMethod()[pri:0, instance:TestNGtest.testingclassNG@741a8937]" started-at="2023-02-11T13:14:37 IST" name="beforeMethod" finished-at="2023-02-11T13:14:37 IST" duration-ms="1" status="PASS">
          <reporter-output>
          </reporter-output>
        </test-method> <!-- beforeMethod -->
        <test-method signature="test2()[pri:3, instance:TestNGtest.testingclassNG@741a8937]" started-at="2023-02-11T13:14:37 IST" name="test2" finished-at="2023-02-11T13:14:37 IST" duration-ms="2" status="PASS">
          <reporter-output>
          </reporter-output>
        </test-method> <!-- test2 -->
        <test-method is-config="true" signature="afterMethod()[pri:0, instance:TestNGtest.testingclassNG@741a8937]" started-at="2023-02-11T13:14:37 IST" name="afterMethod" finished-at="2023-02-11T13:14:37 IST" duration-ms="0" status="PASS">
          <reporter-output>
          </reporter-output>
        </test-method> <!-- afterMethod -->
        <test-method is-config="true" signature="afterClass()[pri:0, instance:TestNGtest.testingclassNG@741a8937]" started-at="2023-02-11T13:14:37 IST" name="afterClass" finished-at="2023-02-11T13:14:37 IST" duration-ms="0" status="PASS">
          <reporter-output>
          </reporter-output>
        </test-method> <!-- afterClass -->
      </class> <!-- TestNGtest.testingclassNG -->
    </test> <!-- Default test -->
  </suite> <!-- Default suite -->
</testng-results>
